<?xml version="1.0" encoding="UTF-8"?>
<!-- Generated by org.testng.reporters.JUnitReportReporter -->
<testsuite hostname="vergil333-UX302LA" failures="0" tests="4" name="com.machava.selenium.TestNGTrello" time="60.098" errors="0" timestamp="08 Oct 2019 16:47:30 GMT" skipped="0">
  <testcase classname="com.machava.selenium.TestNGTrello" name="createBoardWithSelenium" time="7.315"/>
  <testcase classname="com.machava.selenium.TestNGTrello" name="createBoardAndList" time="9.799"/>
  <testcase classname="com.machava.selenium.TestNGTrello" name="createEverything" time="20.281"/>
  <testcase classname="com.machava.selenium.TestNGTrello" name="createEverythingWithSelenium" time="22.703"/>
</testsuite> <!-- com.machava.selenium.TestNGTrello -->
