<?xml version="1.0" encoding="UTF-8"?>
<!-- Generated by org.testng.reporters.JUnitReportReporter -->
<testsuite hostname="vergil333-UX302LA" failures="0" tests="4" name="com.machava.selenium.TestNGTrello" time="57.170" errors="0" timestamp="13 Oct 2019 20:55:11 GMT" skipped="0">
  <testcase classname="com.machava.selenium.TestNGTrello" name="createBoardWithSelenium" time="6.887"/>
  <testcase classname="com.machava.selenium.TestNGTrello" name="createBoardAndList" time="7.503"/>
  <testcase classname="com.machava.selenium.TestNGTrello" name="createEverything" time="20.962"/>
  <testcase classname="com.machava.selenium.TestNGTrello" name="createEverythingWithSelenium" time="21.818"/>
</testsuite> <!-- com.machava.selenium.TestNGTrello -->
